<?xml version="1.0" encoding="UTF-8"?>
<!-- Generated by org.testng.reporters.JUnitXMLReporter -->
<testsuite ignored="0" hostname="thimmaiahyadav" failures="1" tests="3" name="Test" time="4.505" errors="0" timestamp="2025-08-28T15:45:22 IST">
  <testcase classname="day27.OrangeHRM" name="testLogo" time="0.404">
    <failure type="java.lang.AssertionError" message="Logo should be displayed. expected [true] but found [false]">
      <![CDATA[java.lang.AssertionError: Logo should be displayed. expected [true] but found [false]
at day27.OrangeHRM.testLogo(OrangeHRM.java:38)
at java.base/java.util.ArrayList.forEach(ArrayList.java:1596)
... Removed 28 stack frames]]>
    </failure>
  </testcase> <!-- testLogo -->
  <testcase classname="day27.OrangeHRM" name="testAppUrl" time="0.011"/>
  <testcase classname="day27.OrangeHRM" name="testHomePageTitle" time="0.01"/>
</testsuite> <!-- Test -->
