<?xml version="1.0" encoding="UTF-8"?>
<testng-results ignored="0" total="1" passed="1" failed="0" skipped="0">
  <reporter-output>
  </reporter-output>
  <suite started-at="2025-08-21T12:13:52 IST" name="Default suite" finished-at="2025-08-21T12:14:04 IST" duration-ms="12032">
    <groups>
    </groups>
    <test started-at="2025-08-21T12:13:52 IST" name="Default test" finished-at="2025-08-21T12:14:04 IST" duration-ms="12032">
      <class name="Tests.LoginTest">
        <test-method is-config="true" signature="setup()[pri:0, instance:Tests.LoginTest@1fa121e2]" started-at="2025-08-21T12:13:52 IST" name="setup" finished-at="2025-08-21T12:14:03 IST" duration-ms="10184" status="PASS">
          <reporter-output>
          </reporter-output>
        </test-method> <!-- setup -->
        <test-method signature="testLogin()[pri:0, instance:Tests.LoginTest@1fa121e2]" started-at="2025-08-21T12:14:03 IST" name="testLogin" finished-at="2025-08-21T12:14:04 IST" duration-ms="1227" status="PASS">
          <reporter-output>
          </reporter-output>
        </test-method> <!-- testLogin -->
        <test-method is-config="true" signature="tearDown()[pri:0, instance:Tests.LoginTest@1fa121e2]" started-at="2025-08-21T12:14:04 IST" name="tearDown" finished-at="2025-08-21T12:14:04 IST" duration-ms="515" status="PASS">
          <reporter-output>
          </reporter-output>
        </test-method> <!-- tearDown -->
      </class> <!-- Tests.LoginTest -->
    </test> <!-- Default test -->
  </suite> <!-- Default suite -->
</testng-results>
